<?xml version="1.0" encoding="UTF-8"?>
<!-- Generated by org.testng.reporters.JUnitReportReporter -->
<testsuite hostname="PrachiGiri_2004" failures="0" tests="1" name="package1.Class1" time="0.007" errors="0" timestamp="2025-12-03T14:26:35 IST" skipped="0">
  <testcase classname="package1.Class1" name="class1" time="0.007">
    <system-out>
      <![CDATA[*************Hi Dipti****************]]>
    </system-out>
  </testcase> <!-- class1 -->
  <system-out>
    <![CDATA[*************Hi Dipti****************]]>
  </system-out>
</testsuite> <!-- package1.Class1 -->
